<?xml version="1.0"?>
<!DOCTYPE coverage SYSTEM "https://raw.githubusercontent.com/cobertura/cobertura/master/cobertura/src/site/htdocs/xml/coverage-04.dtd">
<coverage line-rate="0.5190839694656488" branch-rate="0.4545454545454545" lines-covered="68" lines-valid="131" branches-covered="50" branches-valid="110" complexity="0.0" timestamp="1754397835" version="Slather 2.8.5">
  <sources>
    <source>/Users/blacksnow/Code/Github/focus</source>
  </sources>
  <packages>
    <package name="focus" line-rate="0.8095238095238095" branch-rate="0.7936507936507936" complexity="0.0">
      <classes>
        <class name="ContentView" filename="focus/ContentView.swift" line-rate="0.7974683544303798" branch-rate="0.7833333333333333" complexity="0.0">
          <methods/>
          <lines>
            <line number="17" branch="true" hits="53" condition-coverage="100% (1/1)">
              <conditions>
                <condition number="0" type="jump" coverage="100%"/>
              </conditions>
            </line>
            <line number="18" branch="true" hits="53" condition-coverage="100% (2/2)">
              <conditions>
                <condition number="0" type="jump" coverage="100%"/>
              </conditions>
            </line>
            <line number="19" branch="true" hits="53" condition-coverage="100% (1/1)">
              <conditions>
                <condition number="0" type="jump" coverage="100%"/>
              </conditions>
            </line>
            <line number="20" branch="true" hits="1" condition-coverage="100% (1/1)">
              <conditions>
                <condition number="0" type="jump" coverage="100%"/>
              </conditions>
            </line>
            <line number="21" branch="true" hits="53" condition-coverage="100% (1/1)">
              <conditions>
                <condition number="0" type="jump" coverage="100%"/>
              </conditions>
            </line>
            <line number="22" branch="true" hits="52" condition-coverage="100% (1/1)">
              <conditions>
                <condition number="0" type="jump" coverage="100%"/>
              </conditions>
            </line>
            <line number="23" branch="true" hits="53" condition-coverage="0% (0/1)">
              <conditions>
                <condition number="0" type="jump" coverage="0%"/>
              </conditions>
            </line>
            <line number="24" branch="true" hits="0" condition-coverage="100% (1/1)">
              <conditions>
                <condition number="0" type="jump" coverage="100%"/>
              </conditions>
            </line>
            <line number="25" branch="false" hits="53"/>
            <line number="26" branch="false" hits="53"/>
            <line number="29" branch="true" hits="1" condition-coverage="100% (1/1)">
              <conditions>
                <condition number="0" type="jump" coverage="100%"/>
              </conditions>
            </line>
            <line number="30" branch="true" hits="1" condition-coverage="100% (1/1)">
              <conditions>
                <condition number="0" type="jump" coverage="100%"/>
              </conditions>
            </line>
            <line number="31" branch="false" hits="1"/>
            <line number="32" branch="false" hits="1"/>
            <line number="33" branch="false" hits="1"/>
            <line number="34" branch="false" hits="1"/>
            <line number="36" branch="true" hits="1" condition-coverage="100% (1/1)">
              <conditions>
                <condition number="0" type="jump" coverage="100%"/>
              </conditions>
            </line>
            <line number="38" branch="true" hits="1" condition-coverage="100% (1/1)">
              <conditions>
                <condition number="0" type="jump" coverage="100%"/>
              </conditions>
            </line>
            <line number="39" branch="false" hits="1"/>
            <line number="40" branch="false" hits="1"/>
            <line number="41" branch="false" hits="1"/>
            <line number="42" branch="false" hits="1"/>
            <line number="43" branch="false" hits="1"/>
            <line number="44" branch="true" hits="1" condition-coverage="100% (1/1)">
              <conditions>
                <condition number="0" type="jump" coverage="100%"/>
              </conditions>
            </line>
            <line number="46" branch="true" hits="53" condition-coverage="100% (1/1)">
              <conditions>
                <condition number="0" type="jump" coverage="100%"/>
              </conditions>
            </line>
            <line number="47" branch="true" hits="53" condition-coverage="100% (1/1)">
              <conditions>
                <condition number="0" type="jump" coverage="100%"/>
              </conditions>
            </line>
            <line number="48" branch="false" hits="53"/>
            <line number="49" branch="false" hits="53"/>
            <line number="50" branch="false" hits="53"/>
            <line number="51" branch="false" hits="53"/>
            <line number="52" branch="true" hits="53" condition-coverage="100% (3/3)">
              <conditions>
                <condition number="0" type="jump" coverage="100%"/>
              </conditions>
            </line>
            <line number="53" branch="true" hits="52" condition-coverage="50% (1/2)">
              <conditions>
                <condition number="0" type="jump" coverage="50%"/>
              </conditions>
            </line>
            <line number="54" branch="true" hits="52" condition-coverage="100% (1/1)">
              <conditions>
                <condition number="0" type="jump" coverage="100%"/>
              </conditions>
            </line>
            <line number="55" branch="false" hits="51"/>
            <line number="56" branch="true" hits="51" condition-coverage="100% (3/3)">
              <conditions>
                <condition number="0" type="jump" coverage="100%"/>
              </conditions>
            </line>
            <line number="57" branch="false" hits="51"/>
            <line number="58" branch="true" hits="51" condition-coverage="50% (1/2)">
              <conditions>
                <condition number="0" type="jump" coverage="50%"/>
              </conditions>
            </line>
            <line number="59" branch="false" hits="0"/>
            <line number="60" branch="true" hits="0" condition-coverage="100% (1/1)">
              <conditions>
                <condition number="0" type="jump" coverage="100%"/>
              </conditions>
            </line>
            <line number="61" branch="true" hits="51" condition-coverage="100% (1/1)">
              <conditions>
                <condition number="0" type="jump" coverage="100%"/>
              </conditions>
            </line>
            <line number="62" branch="false" hits="52"/>
            <line number="63" branch="false" hits="52"/>
            <line number="64" branch="true" hits="104" condition-coverage="100% (1/1)">
              <conditions>
                <condition number="0" type="jump" coverage="100%"/>
              </conditions>
            </line>
            <line number="65" branch="false" hits="104"/>
            <line number="66" branch="true" hits="104" condition-coverage="100% (2/2)">
              <conditions>
                <condition number="0" type="jump" coverage="100%"/>
              </conditions>
            </line>
            <line number="67" branch="true" hits="104" condition-coverage="100% (1/1)">
              <conditions>
                <condition number="0" type="jump" coverage="100%"/>
              </conditions>
            </line>
            <line number="68" branch="true" hits="52" condition-coverage="100% (3/3)">
              <conditions>
                <condition number="0" type="jump" coverage="100%"/>
              </conditions>
            </line>
            <line number="69" branch="false" hits="52"/>
            <line number="70" branch="true" hits="52" condition-coverage="100% (1/1)">
              <conditions>
                <condition number="0" type="jump" coverage="100%"/>
              </conditions>
            </line>
            <line number="71" branch="true" hits="52" condition-coverage="100% (3/3)">
              <conditions>
                <condition number="0" type="jump" coverage="100%"/>
              </conditions>
            </line>
            <line number="72" branch="false" hits="52"/>
            <line number="73" branch="true" hits="52" condition-coverage="100% (1/1)">
              <conditions>
                <condition number="0" type="jump" coverage="100%"/>
              </conditions>
            </line>
            <line number="74" branch="true" hits="104" condition-coverage="100% (1/1)">
              <conditions>
                <condition number="0" type="jump" coverage="100%"/>
              </conditions>
            </line>
            <line number="75" branch="true" hits="2" condition-coverage="100% (3/3)">
              <conditions>
                <condition number="0" type="jump" coverage="100%"/>
              </conditions>
            </line>
            <line number="76" branch="false" hits="1"/>
            <line number="77" branch="true" hits="1" condition-coverage="100% (1/1)">
              <conditions>
                <condition number="0" type="jump" coverage="100%"/>
              </conditions>
            </line>
            <line number="78" branch="true" hits="104" condition-coverage="0% (0/1)">
              <conditions>
                <condition number="0" type="jump" coverage="0%"/>
              </conditions>
            </line>
            <line number="79" branch="true" hits="0" condition-coverage="0% (0/3)">
              <conditions>
                <condition number="0" type="jump" coverage="0%"/>
              </conditions>
            </line>
            <line number="80" branch="false" hits="0"/>
            <line number="81" branch="true" hits="0" condition-coverage="0% (0/1)">
              <conditions>
                <condition number="0" type="jump" coverage="0%"/>
              </conditions>
            </line>
            <line number="82" branch="true" hits="0" condition-coverage="0% (0/3)">
              <conditions>
                <condition number="0" type="jump" coverage="0%"/>
              </conditions>
            </line>
            <line number="83" branch="false" hits="0"/>
            <line number="84" branch="true" hits="0" condition-coverage="100% (1/1)">
              <conditions>
                <condition number="0" type="jump" coverage="100%"/>
              </conditions>
            </line>
            <line number="85" branch="true" hits="104" condition-coverage="100% (1/1)">
              <conditions>
                <condition number="0" type="jump" coverage="100%"/>
              </conditions>
            </line>
            <line number="86" branch="false" hits="53"/>
            <line number="87" branch="true" hits="53" condition-coverage="100% (1/1)">
              <conditions>
                <condition number="0" type="jump" coverage="100%"/>
              </conditions>
            </line>
            <line number="88" branch="false" hits="53"/>
            <line number="89" branch="false" hits="53"/>
            <line number="91" branch="true" hits="1" condition-coverage="100% (1/1)">
              <conditions>
                <condition number="0" type="jump" coverage="100%"/>
              </conditions>
            </line>
            <line number="92" branch="false" hits="1"/>
            <line number="93" branch="false" hits="1"/>
            <line number="94" branch="false" hits="1"/>
            <line number="96" branch="true" hits="0" condition-coverage="0% (0/1)">
              <conditions>
                <condition number="0" type="jump" coverage="0%"/>
              </conditions>
            </line>
            <line number="97" branch="false" hits="0"/>
            <line number="98" branch="false" hits="0"/>
            <line number="99" branch="false" hits="0"/>
            <line number="101" branch="true" hits="0" condition-coverage="0% (0/1)">
              <conditions>
                <condition number="0" type="jump" coverage="0%"/>
              </conditions>
            </line>
            <line number="102" branch="false" hits="0"/>
            <line number="103" branch="false" hits="0"/>
          </lines>
        </class>
        <class name="focusApp" filename="focus/focusApp.swift" line-rate="1.0000000000000000" branch-rate="1.0000000000000000" complexity="0.0">
          <methods/>
          <lines>
            <line number="12" branch="true" hits="1" condition-coverage="100% (1/1)">
              <conditions>
                <condition number="0" type="jump" coverage="100%"/>
              </conditions>
            </line>
            <line number="13" branch="true" hits="1" condition-coverage="100% (1/1)">
              <conditions>
                <condition number="0" type="jump" coverage="100%"/>
              </conditions>
            </line>
            <line number="14" branch="false" hits="1"/>
            <line number="15" branch="true" hits="1" condition-coverage="100% (1/1)">
              <conditions>
                <condition number="0" type="jump" coverage="100%"/>
              </conditions>
            </line>
            <line number="16" branch="false" hits="1"/>
          </lines>
        </class>
      </classes>
    </package>
    <package name=".........Library.Developer.Xcode.DerivedData.focus-fdepfrezkaktxveozgvwkfolycjp.Build.Intermediates.noindex.focus.build.Debug-iphoneos.focus.build.DerivedSources" line-rate="0.0000000000000000" branch-rate="0.0000000000000000" complexity="0.0">
      <classes>
        <class name="GeneratedAssetSymbols" filename="../../../Library/Developer/Xcode/DerivedData/focus-fdepfrezkaktxveozgvwkfolycjp/Build/Intermediates.noindex/focus.build/Debug-iphoneos/focus.build/DerivedSources/GeneratedAssetSymbols.swift" line-rate="0.0000000000000000" branch-rate="0.0000000000000000" complexity="0.0">
          <methods/>
          <lines>
            <line number="64" branch="true" hits="0" condition-coverage="0% (0/1)">
              <conditions>
                <condition number="0" type="jump" coverage="0%"/>
              </conditions>
            </line>
            <line number="66" branch="false" hits="0"/>
            <line number="70" branch="false" hits="0"/>
            <line number="80" branch="true" hits="0" condition-coverage="0% (0/1)">
              <conditions>
                <condition number="0" type="jump" coverage="0%"/>
              </conditions>
            </line>
            <line number="88" branch="true" hits="0" condition-coverage="0% (0/1)">
              <conditions>
                <condition number="0" type="jump" coverage="0%"/>
              </conditions>
            </line>
            <line number="117" branch="true" hits="0" condition-coverage="0% (0/1)">
              <conditions>
                <condition number="0" type="jump" coverage="0%"/>
              </conditions>
            </line>
            <line number="125" branch="true" hits="0" condition-coverage="0% (0/3)">
              <conditions>
                <condition number="0" type="jump" coverage="0%"/>
              </conditions>
            </line>
            <line number="126" branch="false" hits="0"/>
            <line number="127" branch="true" hits="0" condition-coverage="0% (0/2)">
              <conditions>
                <condition number="0" type="jump" coverage="0%"/>
              </conditions>
            </line>
            <line number="128" branch="false" hits="0"/>
            <line number="129" branch="true" hits="0" condition-coverage="0% (0/1)">
              <conditions>
                <condition number="0" type="jump" coverage="0%"/>
              </conditions>
            </line>
            <line number="133" branch="false" hits="0"/>
            <line number="162" branch="true" hits="0" condition-coverage="0% (0/1)">
              <conditions>
                <condition number="0" type="jump" coverage="0%"/>
              </conditions>
            </line>
            <line number="164" branch="true" hits="0" condition-coverage="0% (0/1)">
              <conditions>
                <condition number="0" type="jump" coverage="0%"/>
              </conditions>
            </line>
            <line number="165" branch="false" hits="0"/>
            <line number="166" branch="true" hits="0" condition-coverage="0% (0/2)">
              <conditions>
                <condition number="0" type="jump" coverage="0%"/>
              </conditions>
            </line>
            <line number="167" branch="false" hits="0"/>
            <line number="168" branch="true" hits="0" condition-coverage="0% (0/1)">
              <conditions>
                <condition number="0" type="jump" coverage="0%"/>
              </conditions>
            </line>
            <line number="172" branch="false" hits="0"/>
            <line number="181" branch="true" hits="0" condition-coverage="0% (0/1)">
              <conditions>
                <condition number="0" type="jump" coverage="0%"/>
              </conditions>
            </line>
            <line number="182" branch="true" hits="0" condition-coverage="0% (0/1)">
              <conditions>
                <condition number="0" type="jump" coverage="0%"/>
              </conditions>
            </line>
            <line number="183" branch="false" hits="0"/>
            <line number="184" branch="true" hits="0" condition-coverage="0% (0/2)">
              <conditions>
                <condition number="0" type="jump" coverage="0%"/>
              </conditions>
            </line>
            <line number="185" branch="false" hits="0"/>
            <line number="186" branch="true" hits="0" condition-coverage="0% (0/1)">
              <conditions>
                <condition number="0" type="jump" coverage="0%"/>
              </conditions>
            </line>
            <line number="187" branch="false" hits="0"/>
            <line number="194" branch="true" hits="0" condition-coverage="0% (0/1)">
              <conditions>
                <condition number="0" type="jump" coverage="0%"/>
              </conditions>
            </line>
            <line number="195" branch="true" hits="0" condition-coverage="0% (0/1)">
              <conditions>
                <condition number="0" type="jump" coverage="0%"/>
              </conditions>
            </line>
            <line number="196" branch="false" hits="0"/>
            <line number="197" branch="true" hits="0" condition-coverage="0% (0/2)">
              <conditions>
                <condition number="0" type="jump" coverage="0%"/>
              </conditions>
            </line>
            <line number="198" branch="false" hits="0"/>
            <line number="199" branch="true" hits="0" condition-coverage="0% (0/1)">
              <conditions>
                <condition number="0" type="jump" coverage="0%"/>
              </conditions>
            </line>
            <line number="200" branch="false" hits="0"/>
            <line number="209" branch="true" hits="0" condition-coverage="0% (0/1)">
              <conditions>
                <condition number="0" type="jump" coverage="0%"/>
              </conditions>
            </line>
            <line number="217" branch="true" hits="0" condition-coverage="0% (0/3)">
              <conditions>
                <condition number="0" type="jump" coverage="0%"/>
              </conditions>
            </line>
            <line number="218" branch="false" hits="0"/>
            <line number="219" branch="true" hits="0" condition-coverage="0% (0/2)">
              <conditions>
                <condition number="0" type="jump" coverage="0%"/>
              </conditions>
            </line>
            <line number="220" branch="false" hits="0"/>
            <line number="221" branch="true" hits="0" condition-coverage="0% (0/1)">
              <conditions>
                <condition number="0" type="jump" coverage="0%"/>
              </conditions>
            </line>
            <line number="225" branch="false" hits="0"/>
            <line number="234" branch="true" hits="0" condition-coverage="0% (0/1)">
              <conditions>
                <condition number="0" type="jump" coverage="0%"/>
              </conditions>
            </line>
            <line number="236" branch="true" hits="0" condition-coverage="0% (0/1)">
              <conditions>
                <condition number="0" type="jump" coverage="0%"/>
              </conditions>
            </line>
            <line number="237" branch="false" hits="0"/>
            <line number="238" branch="true" hits="0" condition-coverage="0% (0/2)">
              <conditions>
                <condition number="0" type="jump" coverage="0%"/>
              </conditions>
            </line>
            <line number="239" branch="false" hits="0"/>
            <line number="240" branch="true" hits="0" condition-coverage="0% (0/1)">
              <conditions>
                <condition number="0" type="jump" coverage="0%"/>
              </conditions>
            </line>
            <line number="244" branch="false" hits="0"/>
          </lines>
        </class>
      </classes>
    </package>
  </packages>
</coverage>
